c:\users\xjp20\onedrive\documents\github\cs-300-journal\cs 300 project two\cs 300 project two\x64\debug\vc143.pdb
c:\users\xjp20\onedrive\documents\github\cs-300-journal\cs 300 project two\cs 300 project two\x64\debug\vc143.idb
c:\users\xjp20\onedrive\documents\github\cs-300-journal\cs 300 project two\cs 300 project two\x64\debug\stringtokey.obj
c:\users\xjp20\onedrive\documents\github\cs-300-journal\cs 300 project two\cs 300 project two\x64\debug\redblacktree.obj
c:\users\xjp20\onedrive\documents\github\cs-300-journal\cs 300 project two\cs 300 project two\x64\debug\main.obj
c:\users\xjp20\onedrive\documents\github\cs-300-journal\cs 300 project two\cs 300 project two\x64\debug\csvparser.obj
c:\users\xjp20\onedrive\documents\github\cs-300-journal\cs 300 project two\x64\debug\cs 300 project two.exe
c:\users\xjp20\onedrive\documents\github\cs-300-journal\cs 300 project two\x64\debug\cs 300 project two.pdb
c:\users\xjp20\onedrive\documents\github\cs-300-journal\cs 300 project two\cs 300 project two\x64\debug\cs 300 project two.res
c:\users\xjp20\onedrive\documents\github\cs-300-journal\cs 300 project two\cs 300 project two\x64\debug\cs 300 project two.ilk
c:\users\xjp20\onedrive\documents\github\cs-300-journal\cs 300 project two\cs 300 project two\x64\debug\cs 300 p.b94c88d5.tlog\cl.command.1.tlog
c:\users\xjp20\onedrive\documents\github\cs-300-journal\cs 300 project two\cs 300 project two\x64\debug\cs 300 p.b94c88d5.tlog\cl.items.tlog
c:\users\xjp20\onedrive\documents\github\cs-300-journal\cs 300 project two\cs 300 project two\x64\debug\cs 300 p.b94c88d5.tlog\cl.read.1.tlog
c:\users\xjp20\onedrive\documents\github\cs-300-journal\cs 300 project two\cs 300 project two\x64\debug\cs 300 p.b94c88d5.tlog\cl.write.1.tlog
c:\users\xjp20\onedrive\documents\github\cs-300-journal\cs 300 project two\cs 300 project two\x64\debug\cs 300 p.b94c88d5.tlog\link.command.1.tlog
c:\users\xjp20\onedrive\documents\github\cs-300-journal\cs 300 project two\cs 300 project two\x64\debug\cs 300 p.b94c88d5.tlog\link.read.1.tlog
c:\users\xjp20\onedrive\documents\github\cs-300-journal\cs 300 project two\cs 300 project two\x64\debug\cs 300 p.b94c88d5.tlog\link.secondary.1.tlog
c:\users\xjp20\onedrive\documents\github\cs-300-journal\cs 300 project two\cs 300 project two\x64\debug\cs 300 p.b94c88d5.tlog\link.write.1.tlog
c:\users\xjp20\onedrive\documents\github\cs-300-journal\cs 300 project two\cs 300 project two\x64\debug\cs 300 p.b94c88d5.tlog\rc.command.1.tlog
c:\users\xjp20\onedrive\documents\github\cs-300-journal\cs 300 project two\cs 300 project two\x64\debug\cs 300 p.b94c88d5.tlog\rc.read.1.tlog
c:\users\xjp20\onedrive\documents\github\cs-300-journal\cs 300 project two\cs 300 project two\x64\debug\cs 300 p.b94c88d5.tlog\rc.write.1.tlog
